<?xml version="1.0" encoding="UTF-8"?>
<!-- Generated by org.testng.reporters.JUnitXMLReporter -->
<testsuite ignored="4" hostname="NASNEEN" failures="0" tests="2" name="Test1" time="0.004" errors="0" timestamp="2024-05-31T11:21:55 IST">
  <testcase classname="testng.pkg.Grouping" name="main2" time="0.002"/>
  <testcase classname="testng.pkg.Grouping" name="main6" time="0.001"/>
  <testcase classname="testng.pkg.Grouping" name="main3" time="0.0">
    <ignored/>
  </testcase> <!-- main3 -->
  <testcase classname="testng.pkg.Grouping" name="main4" time="0.0">
    <ignored/>
  </testcase> <!-- main4 -->
  <testcase classname="testng.pkg.Grouping" name="main5" time="0.0">
    <ignored/>
  </testcase> <!-- main5 -->
  <testcase classname="testng.pkg.Grouping" name="main1" time="0.0">
    <ignored/>
  </testcase> <!-- main1 -->
</testsuite> <!-- Test1 -->
